2022-11-16 23:58:43,722 [INFO] Activator:177 - 


2022-11-16 23:58:43,722 [INFO] Activator:178 - !SESSION log4j initialized
2022-11-16 23:59:16,215 [ERROR] LogOutputStream:74 - [STDERR_REDIRECT] SLF4J: Failed to load class "org.slf4j.impl.StaticLoggerBinder".
2022-11-16 23:59:16,231 [ERROR] LogOutputStream:74 - [STDERR_REDIRECT] SLF4J: Defaulting to no-operation (NOP) logger implementation
2022-11-16 23:59:16,231 [ERROR] LogOutputStream:74 - [STDERR_REDIRECT] SLF4J: See http://www.slf4j.org/codes.html#StaticLoggerBinder for further details.
2022-11-17 00:05:23,766 [INFO] McuFinderGlobals:44 - Set McuFinder mode to 2 (CubeIDE integrated)
2022-11-17 00:05:24,130 [INFO] ApplicationProperties:181 - Using Application install path: D:\STM32CubeIDE_1.10.1\STM32CubeIDE\plugins\com.st.stm32cube.common.mx_6.6.1.202207061420
2022-11-17 00:05:24,146 [INFO] DbMcusXml:77 - Set database path to: D:\STM32CubeIDE_1.10.1\STM32CubeIDE\plugins\com.st.stm32cube.common.mx_6.6.1.202207061420\\db\/mcu/
2022-11-17 00:05:24,146 [INFO] ApiDb:269 - Set plugin database path to: D:\STM32CubeIDE_1.10.1\STM32CubeIDE\plugins\com.st.stm32cube.common.mx_6.6.1.202207061420\\db\/plugins/boardmanager/
2022-11-17 00:05:24,146 [WARN] ApiDb:254 - Overriding images path with different value:  => D:\STM32CubeIDE_1.10.1\STM32CubeIDE\plugins\com.st.stm32cube.common.mx_6.6.1.202207061420\\db\/plugins/mcufinder/images/
2022-11-17 00:05:24,177 [INFO] ApiDb:249 - Set database path to: C:\Users\PC\.stmcufinder\plugins\mcufinder//mcu/
2022-11-17 00:05:24,177 [INFO] DbMcusAds:124 - Set database path to: C:\Users\PC\.stmcufinder\plugins\mcufinder//mcu/
2022-11-17 00:05:24,177 [INFO] CrossReferenceDbSqlite:201 - Set database path to: C:\Users\PC\.stmcufinder\plugins\mcufinder//mcu/cs/
2022-11-17 00:05:24,364 [INFO] RulesReader:61 - Compatibility file has been processed (282 Rules)
2022-11-17 00:05:24,474 [INFO] DbMcusXml:77 - Set database path to: D:\STM32CubeIDE_1.10.1\STM32CubeIDE\plugins\com.st.stm32cube.common.mx_6.6.1.202207061420\\db\/mcu/
2022-11-17 00:05:24,474 [INFO] ApiDb:269 - Set plugin database path to: D:\STM32CubeIDE_1.10.1\STM32CubeIDE\plugins\com.st.stm32cube.common.mx_6.6.1.202207061420\\db\/plugins/boardmanager/
2022-11-17 00:05:24,474 [INFO] ApiDb:256 - Set plugin images path to: D:\STM32CubeIDE_1.10.1\STM32CubeIDE\plugins\com.st.stm32cube.common.mx_6.6.1.202207061420\\db\/plugins/mcufinder/images/
2022-11-17 00:05:24,474 [WARN] DbFile:40 - Overriding database path with different value: C:\Users\PC\.stmcufinder\plugins\mcufinder/ => C:\Users\PC\.stmcufinder\plugins\mcufinder
2022-11-17 00:05:24,474 [INFO] ApiDb:249 - Set database path to: C:\Users\PC\.stmcufinder\plugins\mcufinder//mcu/
2022-11-17 00:05:24,474 [WARN] DbFile:40 - Overriding database path with different value: C:\Users\PC\.stmcufinder\plugins\mcufinder/ => C:\Users\PC\.stmcufinder\plugins\mcufinder
2022-11-17 00:05:24,474 [INFO] DbMcusAds:124 - Set database path to: C:\Users\PC\.stmcufinder\plugins\mcufinder//mcu/
2022-11-17 00:05:24,474 [WARN] DbFile:40 - Overriding database path with different value: C:\Users\PC\.stmcufinder\plugins\mcufinder/ => C:\Users\PC\.stmcufinder\plugins\mcufinder
2022-11-17 00:05:24,474 [WARN] DbFile:40 - Overriding database path with different value: C:\Users\PC\.stmcufinder\plugins\mcufinder/ => C:\Users\PC\.stmcufinder\plugins\mcufinder
2022-11-17 00:05:24,474 [INFO] CrossReferenceDbSqlite:201 - Set database path to: C:\Users\PC\.stmcufinder\plugins\mcufinder//mcu/cs/
2022-11-17 00:05:24,583 [INFO] MainPanel:242 - HeapMemory: 471859200
2022-11-17 00:05:24,708 [INFO] DbMcusXml:77 - Set database path to: D:\STM32CubeIDE_1.10.1\STM32CubeIDE\plugins\com.st.stm32cube.common.mx_6.6.1.202207061420\\db\/mcu/
2022-11-17 00:05:24,708 [INFO] ApiDb:269 - Set plugin database path to: D:\STM32CubeIDE_1.10.1\STM32CubeIDE\plugins\com.st.stm32cube.common.mx_6.6.1.202207061420\\db\/plugins/boardmanager/
2022-11-17 00:05:24,708 [INFO] ApiDb:256 - Set plugin images path to: D:\STM32CubeIDE_1.10.1\STM32CubeIDE\plugins\com.st.stm32cube.common.mx_6.6.1.202207061420\\db\/plugins/mcufinder/images/
2022-11-17 00:05:24,708 [WARN] DbFile:40 - Overriding database path with different value: C:\Users\PC\.stmcufinder\plugins\mcufinder/ => C:\Users\PC\.stmcufinder\plugins\mcufinder
2022-11-17 00:05:24,708 [INFO] ApiDb:249 - Set database path to: C:\Users\PC\.stmcufinder\plugins\mcufinder//mcu/
2022-11-17 00:05:24,708 [WARN] DbFile:40 - Overriding database path with different value: C:\Users\PC\.stmcufinder\plugins\mcufinder/ => C:\Users\PC\.stmcufinder\plugins\mcufinder
2022-11-17 00:05:24,708 [INFO] DbMcusAds:124 - Set database path to: C:\Users\PC\.stmcufinder\plugins\mcufinder//mcu/
2022-11-17 00:05:24,708 [WARN] DbFile:40 - Overriding database path with different value: C:\Users\PC\.stmcufinder\plugins\mcufinder/ => C:\Users\PC\.stmcufinder\plugins\mcufinder
2022-11-17 00:05:24,708 [WARN] DbFile:40 - Overriding database path with different value: C:\Users\PC\.stmcufinder\plugins\mcufinder/ => C:\Users\PC\.stmcufinder\plugins\mcufinder
2022-11-17 00:05:24,708 [INFO] CrossReferenceDbSqlite:201 - Set database path to: C:\Users\PC\.stmcufinder\plugins\mcufinder//mcu/cs/
2022-11-17 00:05:24,755 [INFO] ApplicationProperties:181 - Using Application install path: D:\STM32CubeIDE_1.10.1\STM32CubeIDE\plugins\com.st.stm32cube.common.mx_6.6.1.202207061420
2022-11-17 00:05:24,755 [INFO] PluginManage:193 - Search for loadable plugins [exclusion list=, ]
2022-11-17 00:05:24,755 [INFO] PluginManage:307 - Check plugin analytics
2022-11-17 00:05:24,989 [INFO] AnalyticsPlugin:262 - Accepted Software Licenses: 
2022-11-17 00:05:24,989 [INFO] AnalyticsPlugin:264 - Accepted CMSIS Pack Licenses: 
2022-11-17 00:05:24,989 [INFO] AnalyticsPlugin:266 - Accepted Firmware Licenses: 
2022-11-17 00:05:25,005 [INFO] PluginManage:356 - Loaded plugin analytics (category:tool,tabindex:-1)
2022-11-17 00:05:25,005 [INFO] PluginManage:307 - Check plugin cadmodel
2022-11-17 00:05:25,005 [INFO] CADModel:65 - Init CAD model plugin
2022-11-17 00:05:25,005 [INFO] PluginManage:356 - Loaded plugin cadmodel (category:power,tabindex:5)
2022-11-17 00:05:25,020 [INFO] PluginManage:307 - Check plugin clock
2022-11-17 00:05:25,020 [INFO] PluginManage:356 - Loaded plugin clock (category:base,tabindex:2)
2022-11-17 00:05:25,020 [INFO] PluginManage:307 - Check plugin ddr
2022-11-17 00:05:25,020 [INFO] PluginManage:356 - Loaded plugin ddr (category:tool,tabindex:6)
2022-11-17 00:05:25,020 [INFO] PluginManage:307 - Check plugin filemanager
2022-11-17 00:05:25,239 [INFO] PluginManage:356 - Loaded plugin filemanager (category:base,tabindex:10)
2022-11-17 00:05:25,239 [INFO] PluginManage:307 - Check plugin ipmanager
2022-11-17 00:05:25,255 [INFO] PluginManage:356 - Loaded plugin ipmanager (category:base,tabindex:5)
2022-11-17 00:05:25,255 [INFO] PluginManage:307 - Check plugin lpbam
2022-11-17 00:05:25,286 [INFO] PluginManage:356 - Loaded plugin lpbam (category:base,tabindex:0)
2022-11-17 00:05:25,286 [INFO] PluginManage:307 - Check plugin pinoutandconfiguration
2022-11-17 00:05:25,302 [INFO] PluginManage:356 - Loaded plugin pinoutandconfiguration (category:base,tabindex:1)
2022-11-17 00:05:25,302 [INFO] PluginManage:307 - Check plugin pinoutconfig
2022-11-17 00:05:25,333 [INFO] PluginManage:356 - Loaded plugin pinoutconfig (category:base,tabindex:0)
2022-11-17 00:05:25,333 [INFO] PluginManage:307 - Check plugin power
2022-11-17 00:05:25,349 [INFO] PluginManage:356 - Loaded plugin power (category:power,tabindex:4)
2022-11-17 00:05:25,349 [INFO] PluginManage:307 - Check plugin projectmanager
2022-11-17 00:05:25,364 [INFO] PluginManage:356 - Loaded plugin projectmanager (category:projectmanager,tabindex:3)
2022-11-17 00:05:25,364 [INFO] PluginManage:307 - Check plugin thirdparty
2022-11-17 00:05:25,520 [WARN] IntegrityCheckThread:82 - waiting for thirdparty lock release [integrity check]
2022-11-17 00:05:25,520 [INFO] PluginManage:356 - Loaded plugin thirdparty (category:base,tabindex:-1)
2022-11-17 00:05:25,520 [INFO] IntegrityCheckThread:84 - entering critical section [integrity check]
2022-11-17 00:05:25,520 [INFO] PluginManage:307 - Check plugin tools
2022-11-17 00:05:25,520 [INFO] ThirdPartyUpdaterWithRetryManager:70 - Updater plugin not ready yet. [1/15]
2022-11-17 00:05:25,520 [INFO] PluginManage:356 - Loaded plugin tools (category:base,tabindex:7)
2022-11-17 00:05:25,520 [INFO] PluginManage:307 - Check plugin tutovideos
2022-11-17 00:05:25,755 [INFO] PluginManage:356 - Loaded plugin tutovideos (category:base,tabindex:-1)
2022-11-17 00:05:25,755 [INFO] PluginManage:307 - Check plugin updater
2022-11-17 00:05:25,770 [INFO] PluginManage:356 - Loaded plugin updater (category:base,tabindex:12)
2022-11-17 00:05:25,770 [INFO] PluginManage:280 - PluginManage : Loaded plugins [15]
2022-11-17 00:05:26,067 [INFO] PinOutPanel:1468 - setPackage(No Configuration,No Configuration)
2022-11-17 00:05:26,161 [INFO] CADModel:98 - CPN selected for project level
2022-11-17 00:05:26,176 [INFO] IPUIPlugin:79 - create IPUIPlugin
2022-11-17 00:05:26,176 [INFO] PluginManager:217 - loadIPPluginJar : add adc
2022-11-17 00:05:26,192 [INFO] IPUIPlugin:79 - create IPUIPlugin
2022-11-17 00:05:26,192 [INFO] PluginManager:217 - loadIPPluginJar : add aes
2022-11-17 00:05:26,192 [INFO] IPUIPlugin:79 - create IPUIPlugin
2022-11-17 00:05:26,192 [INFO] PluginManager:217 - loadIPPluginJar : add can
2022-11-17 00:05:26,192 [INFO] IPUIPlugin:79 - create IPUIPlugin
2022-11-17 00:05:26,192 [INFO] PluginManager:217 - loadIPPluginJar : add comp
2022-11-17 00:05:26,192 [INFO] IPUIPlugin:79 - create IPUIPlugin
2022-11-17 00:05:26,192 [INFO] PluginManager:217 - loadIPPluginJar : add cryp
2022-11-17 00:05:26,192 [INFO] IPUIPlugin:79 - create IPUIPlugin
2022-11-17 00:05:26,192 [INFO] PluginManager:217 - loadIPPluginJar : add dfsdm
2022-11-17 00:05:26,208 [INFO] IPUIPlugin:79 - create IPUIPlugin
2022-11-17 00:05:26,208 [INFO] PluginManager:217 - loadIPPluginJar : add dma
2022-11-17 00:05:26,208 [INFO] IPUIPlugin:79 - create IPUIPlugin
2022-11-17 00:05:26,208 [INFO] PluginManager:217 - loadIPPluginJar : add dma3
2022-11-17 00:05:26,208 [INFO] IPUIPlugin:79 - create IPUIPlugin
2022-11-17 00:05:26,208 [INFO] PluginManager:217 - loadIPPluginJar : add fatfs
2022-11-17 00:05:26,208 [INFO] IPUIPlugin:79 - create IPUIPlugin
2022-11-17 00:05:26,208 [INFO] PluginManager:217 - loadIPPluginJar : add fmc
2022-11-17 00:05:26,223 [INFO] IPUIPlugin:79 - create IPUIPlugin
2022-11-17 00:05:26,223 [INFO] PluginManager:217 - loadIPPluginJar : add freertos
2022-11-17 00:05:26,223 [INFO] IPUIPlugin:79 - create IPUIPlugin
2022-11-17 00:05:26,223 [INFO] PluginManager:217 - loadIPPluginJar : add genericplugin
2022-11-17 00:05:26,223 [INFO] IPUIPlugin:79 - create IPUIPlugin
2022-11-17 00:05:26,223 [INFO] PluginManager:217 - loadIPPluginJar : add gfxmmu
2022-11-17 00:05:26,223 [INFO] IPUIPlugin:79 - create IPUIPlugin
2022-11-17 00:05:26,239 [INFO] PluginManager:217 - loadIPPluginJar : add gic
2022-11-17 00:05:26,239 [INFO] IPUIPlugin:79 - create IPUIPlugin
2022-11-17 00:05:26,239 [INFO] PluginManager:217 - loadIPPluginJar : add gpio
2022-11-17 00:05:26,239 [INFO] IPUIPlugin:79 - create IPUIPlugin
2022-11-17 00:05:26,239 [INFO] PluginManager:217 - loadIPPluginJar : add gtzc
2022-11-17 00:05:26,239 [INFO] IPUIPlugin:79 - create IPUIPlugin
2022-11-17 00:05:26,239 [INFO] PluginManager:217 - loadIPPluginJar : add hash
2022-11-17 00:05:26,239 [INFO] IPUIPlugin:79 - create IPUIPlugin
2022-11-17 00:05:26,239 [INFO] PluginManager:217 - loadIPPluginJar : add i2c
2022-11-17 00:05:26,239 [INFO] IPUIPlugin:79 - create IPUIPlugin
2022-11-17 00:05:26,239 [INFO] PluginManager:217 - loadIPPluginJar : add i2s
2022-11-17 00:05:26,255 [INFO] IPUIPlugin:79 - create IPUIPlugin
2022-11-17 00:05:26,255 [INFO] PluginManager:217 - loadIPPluginJar : add ipddr
2022-11-17 00:05:26,255 [INFO] IPUIPlugin:79 - create IPUIPlugin
2022-11-17 00:05:26,255 [INFO] PluginManager:217 - loadIPPluginJar : add linkedlist
2022-11-17 00:05:26,270 [INFO] IPUIPlugin:79 - create IPUIPlugin
2022-11-17 00:05:26,270 [INFO] PluginManager:217 - loadIPPluginJar : add lorawan
2022-11-17 00:05:26,270 [INFO] IPUIPlugin:79 - create IPUIPlugin
2022-11-17 00:05:26,270 [INFO] PluginManager:217 - loadIPPluginJar : add ltdc
2022-11-17 00:05:26,270 [INFO] IPUIPlugin:79 - create IPUIPlugin
2022-11-17 00:05:26,270 [INFO] PluginManager:217 - loadIPPluginJar : add mdma
2022-11-17 00:05:26,270 [INFO] IPUIPlugin:79 - create IPUIPlugin
2022-11-17 00:05:26,270 [INFO] PluginManager:217 - loadIPPluginJar : add nvic
2022-11-17 00:05:26,286 [INFO] IPUIPlugin:79 - create IPUIPlugin
2022-11-17 00:05:26,286 [INFO] PluginManager:217 - loadIPPluginJar : add opamp
2022-11-17 00:05:26,286 [INFO] IPUIPlugin:79 - create IPUIPlugin
2022-11-17 00:05:26,286 [INFO] PluginManager:217 - loadIPPluginJar : add openamp
2022-11-17 00:05:26,286 [INFO] IPUIPlugin:79 - create IPUIPlugin
2022-11-17 00:05:26,286 [INFO] PluginManager:217 - loadIPPluginJar : add pdm2pcm
2022-11-17 00:05:26,301 [INFO] IPUIPlugin:79 - create IPUIPlugin
2022-11-17 00:05:26,301 [INFO] PluginManager:217 - loadIPPluginJar : add plateformsettings
2022-11-17 00:05:26,301 [INFO] IPUIPlugin:79 - create IPUIPlugin
2022-11-17 00:05:26,301 [INFO] PluginManager:217 - loadIPPluginJar : add quadspi
2022-11-17 00:05:26,301 [INFO] IPUIPlugin:79 - create IPUIPlugin
2022-11-17 00:05:26,317 [INFO] PluginManager:217 - loadIPPluginJar : add resmgrutility
2022-11-17 00:05:26,317 [INFO] IPUIPlugin:79 - create IPUIPlugin
2022-11-17 00:05:26,317 [INFO] PluginManager:217 - loadIPPluginJar : add sai
2022-11-17 00:05:26,317 [INFO] IPUIPlugin:79 - create IPUIPlugin
2022-11-17 00:05:26,317 [INFO] PluginManager:217 - loadIPPluginJar : add spi
2022-11-17 00:05:26,317 [INFO] IPUIPlugin:79 - create IPUIPlugin
2022-11-17 00:05:26,317 [INFO] PluginManager:217 - loadIPPluginJar : add stm32_wpan
2022-11-17 00:05:26,317 [INFO] IPUIPlugin:79 - create IPUIPlugin
2022-11-17 00:05:26,317 [INFO] PluginManager:217 - loadIPPluginJar : add tim
2022-11-17 00:05:26,333 [INFO] IPUIPlugin:79 - create IPUIPlugin
2022-11-17 00:05:26,333 [INFO] PluginManager:217 - loadIPPluginJar : add touchsensing
2022-11-17 00:05:26,333 [INFO] IPUIPlugin:79 - create IPUIPlugin
2022-11-17 00:05:26,333 [INFO] PluginManager:217 - loadIPPluginJar : add tracer_emb
2022-11-17 00:05:26,333 [INFO] IPUIPlugin:79 - create IPUIPlugin
2022-11-17 00:05:26,333 [INFO] PluginManager:217 - loadIPPluginJar : add ts
2022-11-17 00:05:26,333 [INFO] IPUIPlugin:79 - create IPUIPlugin
2022-11-17 00:05:26,333 [INFO] PluginManager:217 - loadIPPluginJar : add tsc
2022-11-17 00:05:26,333 [INFO] IPUIPlugin:79 - create IPUIPlugin
2022-11-17 00:05:26,333 [INFO] PluginManager:217 - loadIPPluginJar : add ucpd
2022-11-17 00:05:26,348 [INFO] IPUIPlugin:79 - create IPUIPlugin
2022-11-17 00:05:26,348 [INFO] PluginManager:217 - loadIPPluginJar : add usart
2022-11-17 00:05:26,348 [INFO] IPUIPlugin:79 - create IPUIPlugin
2022-11-17 00:05:26,348 [INFO] PluginManager:217 - loadIPPluginJar : add usbx
2022-11-17 00:05:26,654 [FATAL] Updater:301 - Updater called before beeing initialized
2022-11-17 00:05:26,888 [FATAL] Updater:301 - Updater called before beeing initialized
2022-11-17 00:05:26,888 [INFO] DbMcusAds:52 - JSON generation date=Thu Sep 30 03:56:37 BRT 2021 (1632984997303)
2022-11-17 00:05:26,888 [FATAL] Updater:301 - Updater called before beeing initialized
2022-11-17 00:05:26,935 [WARN] DetailPanel:344 - Failed to get advertising image, set to default
2022-11-17 00:05:27,091 [FATAL] Updater:301 - Updater called before beeing initialized
2022-11-17 00:05:27,107 [FATAL] Updater:301 - Updater called before beeing initialized
2022-11-17 00:05:27,107 [FATAL] Updater:301 - Updater called before beeing initialized
2022-11-17 00:05:27,107 [WARN] DetailPanel:344 - Failed to get advertising image, set to default
2022-11-17 00:05:27,107 [FATAL] Updater:301 - Updater called before beeing initialized
2022-11-17 00:05:27,169 [ERROR] Updater:1105 - MainUpdater not yet initialized. External WinMGr cannot be set.
2022-11-17 00:05:27,169 [INFO] Updater:1041 - Updater Version found : 6.6.1
2022-11-17 00:05:27,185 [INFO] ApplicationProperties:181 - Using Application install path: D:\STM32CubeIDE_1.10.1\STM32CubeIDE\plugins\com.st.stm32cube.common.mx_6.6.1.202207061420
2022-11-17 00:05:27,325 [INFO] MainUpdater:2768 - connection check result : 10
2022-11-17 00:05:27,325 [INFO] MainUpdater:280 - Updater Check For Update Now.
2022-11-17 00:05:27,325 [INFO] MicroXplorer:481 - Change Database Version : DB.6.0.60
2022-11-17 00:05:27,544 [INFO] CheckServerUpdateThread:119 - End of CheckServer Thread
2022-11-17 00:05:27,747 [INFO] MainUpdater:2768 - connection check result : 10
2022-11-17 00:05:28,216 [INFO] McuFinderGlobals:57 - Set McuFinderConnectedMode to true
2022-11-17 00:05:28,231 [INFO] MultiScanPanel:195 - Auto-refresh data requested => check proxy status ongoing
2022-11-17 00:05:28,231 [INFO] FinderPluginLoader:92 - Searching for filters in installed packs
2022-11-17 00:05:28,341 [INFO] ApiDb:576 - Connected to CubeFinder SQLite database (C:\Users\PC\.stmcufinder\plugins\mcufinder\mcu\cube-finder-db.db)
2022-11-17 00:05:28,372 [INFO] ApiDb:663 - CubeFinder database Data Model version=2.1
2022-11-17 00:05:28,372 [INFO] ApiDb:664 - CubeFinder database Configuration version=3.0.32
2022-11-17 00:05:28,372 [INFO] ApiDb:665 - CubeFinder database generation date=2022-08-05 (1659688109)
2022-11-17 00:05:28,372 [INFO] ApiDb:666 - CubeFinder database FW Pack versions=[STM32Cube_FW_C0_V1.0.0, STM32Cube_FW_F4_V1.27.1, STM32Cube_FW_F7_V1.17.0, STM32Cube_FW_G0_V1.6.1, STM32Cube_FW_G4_V1.5.0, STM32Cube_FW_H7_V1.10.0, STM32Cube_FW_L5_V1.4.0, STM32Cube_FW_U5_V1.1.1, STM32Cube_FW_WB_V1.14.1, STM32Cube_FW_WL_V1.2.0, X-CUBE-ALGOBUILD_V1.3.0, X-CUBE-ALS_V1.0.1, X-CUBE-AZRTOS-F4_V1.1.0, X-CUBE-AZRTOS-F7_V1.1.0, X-CUBE-AZRTOS-G0_V1.1.0, X-CUBE-AZRTOS-G4_V1.0.0, X-CUBE-AZRTOS-H7_V2.1.0, X-CUBE-AZRTOS-L4_V1.0.0, X-CUBE-AZRTOS-L5_V1.0.0, X-CUBE-AZRTOS-WL_V1.0.0, X-CUBE-BLE1_V6.2.3, X-CUBE-BLE2_V3.3.0, X-CUBE-EEPRMA1_V3.1.1, X-CUBE-GNSS1_V6.0.0, X-CUBE-MEMS1_V9.1.0, X-CUBE-MEMS1_V9.3.0, X-CUBE-NFC4_V2.0.4, X-CUBE-NFC7_V1.0.0, X-CUBE-SFXS2LP1_V4.0.0, X-CUBE-SUBG2_V5.0.0]
2022-11-17 00:05:28,747 [WARN] PackLoader:242 - Cannot read IP mode file for STMicroelectronics.X-CUBE-GNSS1.6.0.0
2022-11-17 00:05:28,794 [WARN] PackLoader:242 - Cannot read IP mode file for STMicroelectronics.X-CUBE-AZRTOS-F4.1.1.0
2022-11-17 00:05:28,903 [WARN] PackLoader:242 - Cannot read IP mode file for STMicroelectronics.X-CUBE-BLEMGR.1.2.0
2022-11-17 00:05:28,934 [WARN] PackLoader:242 - Cannot read IP mode file for STMicroelectronics.X-CUBE-AZRTOS-F7.1.1.0
2022-11-17 00:05:28,966 [WARN] PackLoader:242 - Cannot read IP mode file for STMicroelectronics.X-CUBE-BLE1.6.2.3
2022-11-17 00:05:28,966 [WARN] PackLoader:242 - Cannot read IP mode file for STMicroelectronics.X-CUBE-NFC4.2.0.5
2022-11-17 00:05:28,981 [WARN] PackLoader:242 - Cannot read IP mode file for STMicroelectronics.X-CUBE-NFC4.2.0.4
2022-11-17 00:05:28,997 [WARN] PackLoader:242 - Cannot read IP mode file for STMicroelectronics.X-CUBE-TOF1.3.1.0
2022-11-17 00:05:29,013 [WARN] PackLoader:242 - Cannot read IP mode file for wolfSSL.I-CUBE-wolfSSL.5.5.0
2022-11-17 00:05:29,013 [WARN] PackLoader:242 - Cannot read IP mode file for STMicroelectronics.X-CUBE-NFC7.1.0.0
2022-11-17 00:05:29,216 [WARN] PackLoader:242 - Cannot read IP mode file for STMicroelectronics.X-CUBE-MEMS1.9.3.0
2022-11-17 00:05:29,762 [WARN] PackLoader:242 - Cannot read IP mode file for STMicroelectronics.X-CUBE-AI.7.2.0
2022-11-17 00:05:29,778 [WARN] PackLoader:242 - Cannot read IP mode file for STMicroelectronics.X-CUBE-SFXS2LP1.4.0.0
2022-11-17 00:05:29,825 [WARN] PackLoader:242 - Cannot read IP mode file for STMicroelectronics.X-CUBE-BLE2.3.3.0
2022-11-17 00:05:29,825 [WARN] PackLoader:242 - Cannot read IP mode file for STMicroelectronics.X-CUBE-DISPLAY.2.2.0
2022-11-17 00:05:29,840 [WARN] PackLoader:242 - Cannot read IP mode file for STMicroelectronics.X-CUBE-TOF1.3.2.0
2022-11-17 00:05:29,934 [WARN] PackLoader:242 - Cannot read IP mode file for STMicroelectronics.X-CUBE-ISPU.1.0.0
2022-11-17 00:05:29,934 [WARN] PackLoader:242 - Cannot read IP mode file for STMicroelectronics.X-CUBE-ISPU.1.1.0
2022-11-17 00:05:29,997 [WARN] PackLoader:242 - Cannot read IP mode file for RoweBots.I-CUBE-UNISONRTOS.5.5.0-4
2022-11-17 00:05:30,059 [WARN] PackLoader:242 - Cannot read IP mode file for STMicroelectronics.X-CUBE-AZRTOS-H7.2.1.0
2022-11-17 00:05:30,075 [WARN] PackLoader:242 - Cannot read IP mode file for STMicroelectronics.X-CUBE-BLEMGR.1.0.0
2022-11-17 00:05:30,075 [WARN] PackLoader:242 - Cannot read IP mode file for STMicroelectronics.X-CUBE-AI.7.3.0
2022-11-17 00:05:30,090 [WARN] PackLoader:242 - Cannot read IP mode file for STMicroelectronics.X-CUBE-ALGOBUILD.1.3.0
2022-11-17 00:05:30,122 [WARN] PackLoader:242 - Cannot read IP mode file for STMicroelectronics.X-CUBE-AZRTOS-G0.1.1.0
2022-11-17 00:05:30,137 [WARN] PackLoader:242 - Cannot read IP mode file for STMicroelectronics.X-CUBE-SUBG2.5.0.0
2022-11-17 00:05:30,215 [WARN] PackLoader:242 - Cannot read IP mode file for SEGGER.I-CUBE-embOS.1.2.0
2022-11-17 00:05:30,387 [WARN] PackLoader:242 - Cannot read IP mode file for STMicroelectronics.FP-ATR-ASTRA1.1.1.1
2022-11-17 00:05:30,403 [WARN] PackLoader:242 - Cannot read IP mode file for STMicroelectronics.X-CUBE-AZRTOS-G4.1.0.0
2022-11-17 00:05:30,403 [WARN] PackLoader:242 - Cannot read IP mode file for STMicroelectronics.FP-ATR-SIGFOX1.3.2.0
2022-11-17 00:05:30,512 [WARN] PackLoader:242 - Cannot read IP mode file for STMicroelectronics.X-CUBE-AZRTOS-L4.1.0.0
2022-11-17 00:05:30,512 [WARN] PackLoader:242 - Cannot read IP mode file for emotas.I-CUBE-CANOPEN.1.1.2
2022-11-17 00:05:30,528 [WARN] PackLoader:242 - Cannot read IP mode file for STMicroelectronics.X-CUBE-TOUCHGFX.4.20.0
2022-11-17 00:05:30,543 [WARN] PackLoader:242 - Cannot read IP mode file for STMicroelectronics.X-CUBE-AZRTOS-WL.1.0.0
2022-11-17 00:05:30,543 [WARN] PackLoader:242 - Cannot read IP mode file for portGmbH.I-Cube-SoM-uGOAL.1.1.0
2022-11-17 00:05:30,543 [WARN] PackLoader:242 - Cannot read IP mode file for STMicroelectronics.X-CUBE-ALS.1.0.1
2022-11-17 00:05:30,575 [WARN] PackLoader:242 - Cannot read IP mode file for STMicroelectronics.X-CUBE-AZRTOS-L5.1.0.0
2022-11-17 00:05:30,590 [WARN] PackLoader:242 - Cannot read IP mode file for STMicroelectronics.X-CUBE-EEPRMA1.3.1.1
2022-11-17 00:05:30,590 [INFO] ThirdParty:929 - Integrity check success = true
2022-11-17 00:05:30,606 [INFO] IntegrityCheckThread:98 - exiting critical section [integrity check]
2022-11-17 00:05:30,606 [INFO] IntegrityCheckThread:101 - End integrity checks thread
2022-11-17 00:05:31,692 [INFO] ApiDb:239 - Found 138 in-development CPN: [B-WB1M-WPAN1, NUCLEO-C031C6, STEVAL-STWINBX1, STM320518-EVAL, STM32C0116-DK, STM32C011D6Y3TR, STM32C011D6Y6TR, STM32C011F4P3, STM32C011F4P6, STM32C011F4U3, STM32C011F4U6TR, STM32C011F6P3, STM32C011F6P6, STM32C011F6U3, STM32C011F6U6TR, STM32C011J4M3, STM32C011J4M6, STM32C011J6M3, STM32C011J6M6, STM32C0316-DK, STM32C031C4T3, STM32C031C4T6, STM32C031C4U3, STM32C031C4U6, STM32C031C6T3, STM32C031C6T6, STM32C031C6U3, STM32C031C6U6, STM32C031F4P3, STM32C031F4P6, STM32C031F6P3, STM32C031F6P6, STM32C031G4U3, STM32C031G4U6, STM32C031G6U3, STM32C031G6U6, STM32C031K4T3, STM32C031K4T6, STM32C031K4U3, STM32C031K4U6, STM32C031K6T3, STM32C031K6T6, STM32C031K6U3, STM32C031K6U6, STM32G071K8TXN, STM32G071K8UXN, STM32G081GBU6N, STM32G081KBT6N, STM32G081KBUXN, STM32G0B1CCT6N, STM32G0B1KCT6, STM32G0B1NEY6TR, STM32G0B1RCT6N, STM32G0C1CCT6, STM32G0C1CCT6N, STM32G0C1CCU6N, STM32G0C1CET6N, STM32G0C1CEU6N, STM32G0C1KCT6, STM32G0C1NEY6TR, STM32G0C1RCI6N, STM32G0C1RCT6N, STM32G0C1REI6N, STM32G0C1RET6N, STM32G0C1VCI6, STM32G0C1VEI6, STM32G471CCT6, STM32G471CCU6, STM32G471CET3, STM32G471CET6, STM32G471CEU3, STM32G471CEU6, STM32G471MCT6, STM32G471MET3, STM32G471MET6, STM32G471MEY6TR, STM32G471QCT6, STM32G471QET3, STM32G471RCT6, STM32G471RET3, STM32G471RET6, STM32G471VCH6, STM32G471VCI6, STM32G471VCT6, STM32G471VEH3, STM32G471VEH6, STM32G471VEI3, STM32G471VEI6, STM32G471VET3, STM32G471VET6, STM32G474CCT6, STM32L476VGY6PTR, STM32L4R5QGI6STR, STM32MP131AAE3, STM32MP131AAF3, STM32MP131AAG3, STM32MP131CAE3, STM32MP131CAF3, STM32MP131CAG3, STM32MP131DAE7, STM32MP131DAF7, STM32MP131DAG7, STM32MP131FAE7, STM32MP131FAF7, STM32MP131FAG7, STM32MP133AAE3, STM32MP133AAF3, STM32MP133AAG3, STM32MP133CAE3, STM32MP133CAF3, STM32MP133CAG3, STM32MP133DAE7, STM32MP133DAF7, STM32MP133DAG7, STM32MP133FAE7, STM32MP133FAF7, STM32MP133FAG7, STM32MP135AAE3, STM32MP135AAF3, STM32MP135AAG3, STM32MP135CAE3, STM32MP135CAF3, STM32MP135CAG3, STM32MP135DAE7, STM32MP135DAF7, STM32MP135DAG7, STM32MP135F-DK, STM32MP135FAE7, STM32MP135FAF7, STM32MP135FAG7, STM32U595ZJT6Q, STM32U599BJY6QTR, STM32U599NIH6Q, STM32U599NJH6Q, STM32U5A5ZJT6Q, STM32U5A9BJY6QTR, STM32U5A9NJH6Q, STM32WB1MMCH6]
2022-11-17 00:05:31,707 [INFO] DbMcus:215 - Found 3542 MCUs, 3542 are supported
2022-11-17 00:05:31,707 [INFO] ApiDb:418 - Load user favorites file C:\Users\PC/.stm32cubeide/favorites.mcus.txt: 0 item(s)
2022-11-17 00:05:31,707 [INFO] ApiDb:422 - User favorites MCUs=[]
2022-11-17 00:05:31,707 [INFO] DbMcus:221 - Set 0 / 0 favorites MCUs
2022-11-17 00:05:33,613 [INFO] LoadUrlFilesThread:177 - End of LoadServerUrlFiles without Thread
2022-11-17 00:05:33,738 [INFO] DetailPanel:339 - Set advertising image to C:/Users/PC/STM32Cube/Repository/\en.Prom_NBSTM32U50921.jpg
2022-11-17 00:05:34,535 [INFO] MultiScanPanel:778 - Auto Refresh Data is not needed
2022-11-17 00:05:34,550 [INFO] ApiDb:663 - CubeFinder database Data Model version=2.1
2022-11-17 00:05:34,550 [INFO] ApiDb:664 - CubeFinder database Configuration version=3.0.32
2022-11-17 00:05:34,550 [INFO] ApiDb:665 - CubeFinder database generation date=2022-08-05 (1659688109)
2022-11-17 00:05:34,550 [INFO] ApiDb:666 - CubeFinder database FW Pack versions=[STM32Cube_FW_C0_V1.0.0, STM32Cube_FW_F4_V1.27.1, STM32Cube_FW_F7_V1.17.0, STM32Cube_FW_G0_V1.6.1, STM32Cube_FW_G4_V1.5.0, STM32Cube_FW_H7_V1.10.0, STM32Cube_FW_L5_V1.4.0, STM32Cube_FW_U5_V1.1.1, STM32Cube_FW_WB_V1.14.1, STM32Cube_FW_WL_V1.2.0, X-CUBE-ALGOBUILD_V1.3.0, X-CUBE-ALS_V1.0.1, X-CUBE-AZRTOS-F4_V1.1.0, X-CUBE-AZRTOS-F7_V1.1.0, X-CUBE-AZRTOS-G0_V1.1.0, X-CUBE-AZRTOS-G4_V1.0.0, X-CUBE-AZRTOS-H7_V2.1.0, X-CUBE-AZRTOS-L4_V1.0.0, X-CUBE-AZRTOS-L5_V1.0.0, X-CUBE-AZRTOS-WL_V1.0.0, X-CUBE-BLE1_V6.2.3, X-CUBE-BLE2_V3.3.0, X-CUBE-EEPRMA1_V3.1.1, X-CUBE-GNSS1_V6.0.0, X-CUBE-MEMS1_V9.1.0, X-CUBE-MEMS1_V9.3.0, X-CUBE-NFC4_V2.0.4, X-CUBE-NFC7_V1.0.0, X-CUBE-SFXS2LP1_V4.0.0, X-CUBE-SUBG2_V5.0.0]
2022-11-17 00:05:34,691 [INFO] DbBoardsSqlite:227 - include board P-NUCLEO-WB55-NUCLEO as a kit item of type 'Nucleo-64'
2022-11-17 00:05:34,691 [INFO] DbBoardsSqlite:227 - include board P-NUCLEO-WB55-USBDONGLE as a kit item of type 'Nucleo USB Dongle'
2022-11-17 00:05:34,691 [INFO] DbBoardsSqlite:227 - include board STEVAL-IDP005V1 as a kit item of type 'Evaluation Board'
2022-11-17 00:05:34,691 [INFO] DbBoardsSqlite:227 - include board STEVAL-IDP005V2 as a kit item of type 'Evaluation Board'
2022-11-17 00:05:34,706 [INFO] ApiDb:239 - Found 138 in-development CPN: [B-WB1M-WPAN1, NUCLEO-C031C6, STEVAL-STWINBX1, STM320518-EVAL, STM32C0116-DK, STM32C011D6Y3TR, STM32C011D6Y6TR, STM32C011F4P3, STM32C011F4P6, STM32C011F4U3, STM32C011F4U6TR, STM32C011F6P3, STM32C011F6P6, STM32C011F6U3, STM32C011F6U6TR, STM32C011J4M3, STM32C011J4M6, STM32C011J6M3, STM32C011J6M6, STM32C0316-DK, STM32C031C4T3, STM32C031C4T6, STM32C031C4U3, STM32C031C4U6, STM32C031C6T3, STM32C031C6T6, STM32C031C6U3, STM32C031C6U6, STM32C031F4P3, STM32C031F4P6, STM32C031F6P3, STM32C031F6P6, STM32C031G4U3, STM32C031G4U6, STM32C031G6U3, STM32C031G6U6, STM32C031K4T3, STM32C031K4T6, STM32C031K4U3, STM32C031K4U6, STM32C031K6T3, STM32C031K6T6, STM32C031K6U3, STM32C031K6U6, STM32G071K8TXN, STM32G071K8UXN, STM32G081GBU6N, STM32G081KBT6N, STM32G081KBUXN, STM32G0B1CCT6N, STM32G0B1KCT6, STM32G0B1NEY6TR, STM32G0B1RCT6N, STM32G0C1CCT6, STM32G0C1CCT6N, STM32G0C1CCU6N, STM32G0C1CET6N, STM32G0C1CEU6N, STM32G0C1KCT6, STM32G0C1NEY6TR, STM32G0C1RCI6N, STM32G0C1RCT6N, STM32G0C1REI6N, STM32G0C1RET6N, STM32G0C1VCI6, STM32G0C1VEI6, STM32G471CCT6, STM32G471CCU6, STM32G471CET3, STM32G471CET6, STM32G471CEU3, STM32G471CEU6, STM32G471MCT6, STM32G471MET3, STM32G471MET6, STM32G471MEY6TR, STM32G471QCT6, STM32G471QET3, STM32G471RCT6, STM32G471RET3, STM32G471RET6, STM32G471VCH6, STM32G471VCI6, STM32G471VCT6, STM32G471VEH3, STM32G471VEH6, STM32G471VEI3, STM32G471VEI6, STM32G471VET3, STM32G471VET6, STM32G474CCT6, STM32L476VGY6PTR, STM32L4R5QGI6STR, STM32MP131AAE3, STM32MP131AAF3, STM32MP131AAG3, STM32MP131CAE3, STM32MP131CAF3, STM32MP131CAG3, STM32MP131DAE7, STM32MP131DAF7, STM32MP131DAG7, STM32MP131FAE7, STM32MP131FAF7, STM32MP131FAG7, STM32MP133AAE3, STM32MP133AAF3, STM32MP133AAG3, STM32MP133CAE3, STM32MP133CAF3, STM32MP133CAG3, STM32MP133DAE7, STM32MP133DAF7, STM32MP133DAG7, STM32MP133FAE7, STM32MP133FAF7, STM32MP133FAG7, STM32MP135AAE3, STM32MP135AAF3, STM32MP135AAG3, STM32MP135CAE3, STM32MP135CAF3, STM32MP135CAG3, STM32MP135DAE7, STM32MP135DAF7, STM32MP135DAG7, STM32MP135F-DK, STM32MP135FAE7, STM32MP135FAF7, STM32MP135FAG7, STM32U595ZJT6Q, STM32U599BJY6QTR, STM32U599NIH6Q, STM32U599NJH6Q, STM32U5A5ZJT6Q, STM32U5A9BJY6QTR, STM32U5A9NJH6Q, STM32WB1MMCH6]
2022-11-17 00:05:35,003 [INFO] BoardInfo:879 - No configuration file found for board P-NUCLEO-WB55
2022-11-17 00:05:35,003 [INFO] DbBoards:156 - Kit is not supported: P-NUCLEO-WB55
2022-11-17 00:05:35,003 [INFO] BoardInfo:879 - No configuration file found for board STEVAL-BFA001V1B
2022-11-17 00:05:35,003 [INFO] DbBoards:156 - Kit is not supported: STEVAL-BFA001V1B
2022-11-17 00:05:35,003 [INFO] BoardInfo:879 - No configuration file found for board STEVAL-BFA001V2B
2022-11-17 00:05:35,003 [INFO] DbBoards:156 - Kit is not supported: STEVAL-BFA001V2B
2022-11-17 00:05:35,144 [INFO] DbBoards:160 - Found 176 boards, 173 are supported
2022-11-17 00:05:35,144 [INFO] ApiDb:409 - User favorites file not found: C:\Users\PC/.stm32cubeide/favorites.boards.txt
2022-11-17 00:05:35,144 [INFO] DbBoards:189 - Set 0 / 0 favorites Boards
2022-11-17 00:06:13,997 [INFO] MainUpdater:2768 - connection check result : 10
2022-11-17 00:06:13,997 [INFO] MainUpdater:2768 - connection check result : 10
2022-11-17 00:06:14,013 [INFO] MicroXplorer:451 - Change Database Path : 
2022-11-17 00:06:14,013 [INFO] MicroXplorer:481 - Change Database Version : DB.6.0.60
2022-11-17 00:06:14,013 [WARN] ThirdParty:827 - waiting for thirdparty lock release [close project]
2022-11-17 00:06:14,013 [INFO] ThirdParty:829 - entering critical section [close project]
2022-11-17 00:06:14,013 [INFO] ThirdParty:839 - exiting critical section [close project]
2022-11-17 00:06:14,028 [INFO] PinOutPanel:1468 - setPackage(No Configuration,No Configuration)
2022-11-17 00:06:14,028 [INFO] UtilMem:74 - Begin LoadConfig() Used Memory: 545783744 Bytes (762314752)
2022-11-17 00:06:14,028 [INFO] MicroXplorer:451 - Change Database Path : 
2022-11-17 00:06:14,028 [INFO] MicroXplorer:481 - Change Database Version : DB.6.0.60
2022-11-17 00:06:14,028 [INFO] OpenFileManager:307 - Change cursor
2022-11-17 00:06:14,169 [INFO] Mcu:1922 - Initializing MCU STM32F103C8Tx STM32F103C8Tx 
2022-11-17 00:06:14,169 [INFO] Mcu:1935 - No CPN specified => set CPN to STM32F103C8T6
2022-11-17 00:06:15,309 [INFO] Context:654 - Trying to add GPIOservice into a context  which must be forbidden
2022-11-17 00:06:15,715 [INFO] ImportTextPane:193 - (OptionalMessage_ERROR) Unable to find key (Mcu.ThirdPartyNb) in loaded IOC file
2022-11-17 00:06:15,715 [INFO] ImportTextPane:193 - (OptionalMessage_ERROR) Unable to find key (Mcu.PinsNb) in loaded IOC file
2022-11-17 00:06:15,715 [INFO] ImportTextPane:193 - (OptionalMessage_ERROR) Unable to find key (Mcu.IPNb) in loaded IOC file
2022-11-17 00:06:15,840 [WARN] ApiManager:308 - Cannot register API 'Board Extension:GNSS1A1' from pack STMicroelectronics.X-CUBE-GNSS1.6.0.0: no header file found
2022-11-17 00:06:15,840 [WARN] ApiManager:308 - Cannot register API 'Board Support:Custom' from pack STMicroelectronics.X-CUBE-GNSS1.6.0.0: no header file found
2022-11-17 00:06:15,840 [WARN] ApiManager:308 - Cannot register API 'Data Exchange:lib_gnss' from pack STMicroelectronics.X-CUBE-GNSS1.6.0.0: no header file found
2022-11-17 00:06:15,872 [WARN] ApiManager:308 - Cannot register API 'Wireless:BlueNRG-MS' from pack STMicroelectronics.X-CUBE-BLE1.6.2.3: no header file found
2022-11-17 00:06:15,872 [INFO] RtosManager:488 - Registered RTOS mode: class=CMSIS, group=RTOS, mode=CMSIS_V1, owner=FREERTOS
2022-11-17 00:06:15,872 [INFO] RtosManager:488 - Registered RTOS mode: class=CMSIS, group=RTOS2, mode=CMSIS_V2, owner=FREERTOS
2022-11-17 00:06:15,872 [INFO] RtosManager:488 - Registered RTOS mode: class=RTOS, group=Core, mode=CMSIS_V1, owner=FREERTOS
2022-11-17 00:06:15,872 [INFO] RtosManager:488 - Registered RTOS mode: class=RTOS, group=Core, mode=CMSIS_V2, owner=FREERTOS
2022-11-17 00:06:15,872 [WARN] ModelIntegratedComponent:185 - Missing modes for component STMicroelectronics:FreeRTOS:0.0.1:STMicroelectronics:RTOS:FreeRTOS:Core:::10.2.0:
2022-11-17 00:06:15,887 [WARN] ApiManager:308 - Cannot register API 'Board Extension:S2868A1' from pack STMicroelectronics.X-CUBE-SUBG2.5.0.0: no header file found
2022-11-17 00:06:15,887 [WARN] ApiManager:308 - Cannot register API 'Board Extension:S2868A2' from pack STMicroelectronics.X-CUBE-SUBG2.5.0.0: no header file found
2022-11-17 00:06:15,887 [WARN] ApiManager:308 - Cannot register API 'Board Extension:S2915A1' from pack STMicroelectronics.X-CUBE-SUBG2.5.0.0: no header file found
2022-11-17 00:06:15,903 [WARN] ApiManager:308 - Cannot register API 'Board Extension:NFC04A1' from pack STMicroelectronics.X-CUBE-NFC4.2.0.5: no header file found
2022-11-17 00:06:15,903 [WARN] ApiManager:308 - Cannot register API 'Board Extension:NFC04A1' from pack STMicroelectronics.X-CUBE-NFC4.2.0.4: no header file found
2022-11-17 00:06:15,918 [WARN] ModelIntegratedComponent:64 - No mode defined for component null
2022-11-17 00:06:15,918 [WARN] ModelIntegratedComponent:64 - No mode defined for component null
2022-11-17 00:06:15,918 [WARN] ModelIntegratedComponent:64 - No mode defined for component null
2022-11-17 00:06:15,918 [WARN] ModelIntegratedComponent:64 - No mode defined for component null
2022-11-17 00:06:15,918 [WARN] ModelIntegratedComponent:64 - No mode defined for component null
2022-11-17 00:06:15,918 [WARN] ModelIntegratedComponent:64 - No mode defined for component null
2022-11-17 00:06:15,918 [WARN] ModelIntegratedComponent:64 - No mode defined for component null
2022-11-17 00:06:15,918 [WARN] ModelIntegratedComponent:64 - No mode defined for component null
2022-11-17 00:06:15,918 [WARN] ModelIntegratedComponent:64 - No mode defined for component null
2022-11-17 00:06:15,918 [WARN] ModelIntegratedComponent:64 - No mode defined for component null
2022-11-17 00:06:15,918 [WARN] ModelIntegratedComponent:64 - No mode defined for component null
2022-11-17 00:06:15,918 [WARN] ModelIntegratedComponent:64 - No mode defined for component null
2022-11-17 00:06:15,918 [WARN] ModelIntegratedComponent:64 - No mode defined for component null
2022-11-17 00:06:15,918 [WARN] ModelIntegratedComponent:64 - No mode defined for component null
2022-11-17 00:06:15,918 [WARN] ModelIntegratedComponent:64 - No mode defined for component null
2022-11-17 00:06:15,918 [WARN] ModelIntegratedComponent:64 - No mode defined for component null
2022-11-17 00:06:15,918 [WARN] ModelIntegratedComponent:64 - No mode defined for component null
2022-11-17 00:06:15,918 [WARN] ModelIntegratedComponent:64 - No mode defined for component null
2022-11-17 00:06:15,918 [WARN] ModelIntegratedComponent:64 - No mode defined for component null
2022-11-17 00:06:15,918 [WARN] ModelIntegratedComponent:64 - No mode defined for component null
2022-11-17 00:06:15,918 [WARN] ModelIntegratedComponent:64 - No mode defined for component null
2022-11-17 00:06:15,918 [WARN] ModelIntegratedComponent:64 - No mode defined for component null
2022-11-17 00:06:15,918 [WARN] ModelIntegratedComponent:64 - No mode defined for component null
2022-11-17 00:06:15,918 [WARN] ModelIntegratedComponent:64 - No mode defined for component null
2022-11-17 00:06:15,918 [WARN] ModelIntegratedComponent:64 - No mode defined for component null
2022-11-17 00:06:15,918 [WARN] ModelIntegratedComponent:64 - No mode defined for component null
2022-11-17 00:06:15,918 [WARN] ModelIntegratedComponent:64 - No mode defined for component null
2022-11-17 00:06:15,918 [WARN] ModelIntegratedComponent:64 - No mode defined for component null
2022-11-17 00:06:15,918 [WARN] ModelIntegratedComponent:64 - No mode defined for component null
2022-11-17 00:06:15,918 [WARN] ModelIntegratedComponent:64 - No mode defined for component null
2022-11-17 00:06:15,918 [WARN] ModelIntegratedComponent:64 - No mode defined for component null
2022-11-17 00:06:15,918 [WARN] ModelIntegratedComponent:64 - No mode defined for component null
2022-11-17 00:06:15,918 [WARN] ModelIntegratedComponent:64 - No mode defined for component null
2022-11-17 00:06:15,934 [WARN] ApiManager:308 - Cannot register API 'Board Extension:NFC07A1' from pack STMicroelectronics.X-CUBE-NFC7.1.0.0: no header file found
2022-11-17 00:06:16,168 [WARN] ApiManager:308 - Cannot register API 'Board Extension:IKS01A3' from pack STMicroelectronics.X-CUBE-MEMS1.9.3.0: no header file found
2022-11-17 00:06:16,168 [WARN] ApiManager:308 - Cannot register API 'Board Extension:IKS01A2' from pack STMicroelectronics.X-CUBE-MEMS1.9.3.0: no header file found
2022-11-17 00:06:16,168 [WARN] ApiManager:308 - Cannot register API 'Board Extension:IKS02A1' from pack STMicroelectronics.X-CUBE-MEMS1.9.3.0: no header file found
2022-11-17 00:06:16,184 [WARN] ApiManager:308 - Cannot register API 'Board Extension:EEPRMA1' from pack STMicroelectronics.X-CUBE-EEPRMA1.3.1.1: no header file found
2022-11-17 00:06:16,184 [WARN] ApiManager:308 - Cannot register API 'Board Extension:EEPRMA2' from pack STMicroelectronics.X-CUBE-EEPRMA1.3.1.1: no header file found
2022-11-17 00:06:16,184 [WARN] ApiManager:308 - Cannot register API 'Board Extension:S2868A1' from pack STMicroelectronics.X-CUBE-SFXS2LP1.4.0.0: no header file found
2022-11-17 00:06:16,184 [WARN] ApiManager:308 - Cannot register API 'Board Extension:S2868A2' from pack STMicroelectronics.X-CUBE-SFXS2LP1.4.0.0: no header file found
2022-11-17 00:06:16,184 [WARN] ApiManager:308 - Cannot register API 'Board Extension:S2915A1' from pack STMicroelectronics.X-CUBE-SFXS2LP1.4.0.0: no header file found
2022-11-17 00:06:16,184 [WARN] ApiManager:308 - Cannot register API 'Wireless:BlueNRG-2' from pack STMicroelectronics.X-CUBE-BLE2.3.3.0: no header file found
2022-11-17 00:06:16,215 [INFO] ThirdPartyModel:289 - Start build external matchings
2022-11-17 00:06:16,762 [INFO] ThirdPartyModel:302 - End build external matchings
2022-11-17 00:06:17,090 [INFO] UtilMem:74 - End LoadConfig() Used Memory: 554735688 Bytes (762314752)
2022-11-17 00:06:17,106 [WARN] ThirdParty:789 - waiting for thirdparty lock release [change project]
2022-11-17 00:06:17,106 [INFO] ThirdParty:791 - entering critical section [change project]
2022-11-17 00:06:17,106 [INFO] ThirdParty:981 - CMSIS Pack Vendor :STMicroelectronics X-CUBE-ISPU 1.1.0
2022-11-17 00:06:17,106 [INFO] ThirdParty:981 - CMSIS Pack Vendor :RoweBots I-CUBE-UNISONRTOS 5.5.0-4
2022-11-17 00:06:17,106 [INFO] ThirdParty:981 - CMSIS Pack Vendor :STMicroelectronics X-CUBE-GNSS1 6.0.0
2022-11-17 00:06:17,106 [INFO] ThirdParty:981 - CMSIS Pack Vendor :STMicroelectronics X-CUBE-AZRTOS-H7 2.1.0
2022-11-17 00:06:17,106 [INFO] ThirdParty:981 - CMSIS Pack Vendor :STMicroelectronics USB_HOST 2.0.0
2022-11-17 00:06:17,106 [INFO] ThirdParty:981 - CMSIS Pack Vendor :STMicroelectronics X-CUBE-AZRTOS-F4 1.1.0
2022-11-17 00:06:17,106 [INFO] ThirdParty:981 - CMSIS Pack Vendor :STMicroelectronics LIBJPEG 8.0.0
2022-11-17 00:06:17,106 [INFO] ThirdParty:981 - CMSIS Pack Vendor :STMicroelectronics USB_DEVICE 3.0.0
2022-11-17 00:06:17,106 [INFO] ThirdParty:981 - CMSIS Pack Vendor :STMicroelectronics X-CUBE-BLEMGR 1.0.0
2022-11-17 00:06:17,106 [INFO] ThirdParty:981 - CMSIS Pack Vendor :STMicroelectronics X-CUBE-BLEMGR 1.2.0
2022-11-17 00:06:17,106 [INFO] ThirdParty:981 - CMSIS Pack Vendor :STMicroelectronics X-CUBE-AZRTOS-F7 1.1.0
2022-11-17 00:06:17,106 [INFO] ThirdParty:981 - CMSIS Pack Vendor :STMicroelectronics USB_DEVICE 2.0.0
2022-11-17 00:06:17,106 [INFO] ThirdParty:981 - CMSIS Pack Vendor :STMicroelectronics X-CUBE-AI 7.3.0
2022-11-17 00:06:17,106 [INFO] ThirdParty:981 - CMSIS Pack Vendor :STMicroelectronics X-CUBE-BLE1 6.2.3
2022-11-17 00:06:17,106 [INFO] ThirdParty:981 - CMSIS Pack Vendor :STMicroelectronics X-CUBE-ALGOBUILD 1.3.0
2022-11-17 00:06:17,106 [INFO] ThirdParty:981 - CMSIS Pack Vendor :STMicroelectronics FreeRTOS 0.0.1
2022-11-17 00:06:17,106 [INFO] ThirdParty:981 - CMSIS Pack Vendor :STMicroelectronics X-CUBE-AZRTOS-G0 1.1.0
2022-11-17 00:06:17,106 [INFO] ThirdParty:981 - CMSIS Pack Vendor :STMicroelectronics X-CUBE-SUBG2 5.0.0
2022-11-17 00:06:17,106 [INFO] ThirdParty:981 - CMSIS Pack Vendor :SEGGER I-CUBE-embOS 1.2.0
2022-11-17 00:06:17,106 [INFO] ThirdParty:981 - CMSIS Pack Vendor :STMicroelectronics STM32_WPAN 1.0.0
2022-11-17 00:06:17,106 [INFO] ThirdParty:981 - CMSIS Pack Vendor :STMicroelectronics lwIP 2.0.3
2022-11-17 00:06:17,121 [INFO] ThirdParty:981 - CMSIS Pack Vendor :STMicroelectronics X-CUBE-NFC4 2.0.5
2022-11-17 00:06:17,121 [INFO] ThirdParty:981 - CMSIS Pack Vendor :STMicroelectronics X-CUBE-NFC4 2.0.4
2022-11-17 00:06:17,121 [INFO] ThirdParty:981 - CMSIS Pack Vendor :STMicroelectronics USB_HOST 1.0.0
2022-11-17 00:06:17,121 [INFO] ThirdParty:981 - CMSIS Pack Vendor :STMicroelectronics PDM2PCM 3.1.0
2022-11-17 00:06:17,121 [INFO] ThirdParty:981 - CMSIS Pack Vendor :STMicroelectronics FP-ATR-ASTRA1 1.1.1
2022-11-17 00:06:17,121 [INFO] ThirdParty:981 - CMSIS Pack Vendor :STMicroelectronics PDM2PCM 3.3.0
2022-11-17 00:06:17,121 [INFO] ThirdParty:981 - CMSIS Pack Vendor :STMicroelectronics X-CUBE-TOF1 3.1.0
2022-11-17 00:06:17,121 [INFO] ThirdParty:981 - CMSIS Pack Vendor :STMicroelectronics X-CUBE-AZRTOS-G4 1.0.0
2022-11-17 00:06:17,121 [INFO] ThirdParty:981 - CMSIS Pack Vendor :STMicroelectronics FP-ATR-SIGFOX1 3.2.0
2022-11-17 00:06:17,121 [INFO] ThirdParty:981 - CMSIS Pack Vendor :STMicroelectronics X-CUBE-AZRTOS-L4 1.0.0
2022-11-17 00:06:17,121 [INFO] ThirdParty:981 - CMSIS Pack Vendor :wolfSSL I-CUBE-wolfSSL 5.5.0
2022-11-17 00:06:17,121 [INFO] ThirdParty:981 - CMSIS Pack Vendor :STMicroelectronics HAL Drivers 0.0.0
2022-11-17 00:06:17,121 [INFO] ThirdParty:981 - CMSIS Pack Vendor :STMicroelectronics MBEDTLS 2.16.2
2022-11-17 00:06:17,121 [INFO] ThirdParty:981 - CMSIS Pack Vendor :emotas I-CUBE-CANOPEN 1.1.2
2022-11-17 00:06:17,121 [INFO] ThirdParty:981 - CMSIS Pack Vendor :STMicroelectronics X-CUBE-TOUCHGFX 4.20.0
2022-11-17 00:06:17,121 [INFO] ThirdParty:981 - CMSIS Pack Vendor :STMicroelectronics MBEDTLS 2.14.1
2022-11-17 00:06:17,121 [INFO] ThirdParty:981 - CMSIS Pack Vendor :STMicroelectronics X-CUBE-NFC7 1.0.0
2022-11-17 00:06:17,121 [INFO] ThirdParty:981 - CMSIS Pack Vendor :STMicroelectronics X-CUBE-AZRTOS-WL 1.0.0
2022-11-17 00:06:17,121 [INFO] ThirdParty:981 - CMSIS Pack Vendor :STMicroelectronics X-CUBE-MEMS1 9.3.0
2022-11-17 00:06:17,121 [INFO] ThirdParty:981 - CMSIS Pack Vendor :portGmbH I-Cube-SoM-uGOAL 1.1.0
2022-11-17 00:06:17,121 [INFO] ThirdParty:981 - CMSIS Pack Vendor :STMicroelectronics X-CUBE-ALS 1.0.1
2022-11-17 00:06:17,121 [INFO] ThirdParty:981 - CMSIS Pack Vendor :STMicroelectronics X-CUBE-AI 7.2.0
2022-11-17 00:06:17,121 [INFO] ThirdParty:981 - CMSIS Pack Vendor :STMicroelectronics ThreadX 1.0.0
2022-11-17 00:06:17,121 [INFO] ThirdParty:981 - CMSIS Pack Vendor :STMicroelectronics X-CUBE-AZRTOS-L5 1.0.0
2022-11-17 00:06:17,121 [INFO] ThirdParty:981 - CMSIS Pack Vendor :STMicroelectronics USB_DEVICE 1.0.0
2022-11-17 00:06:17,121 [INFO] ThirdParty:981 - CMSIS Pack Vendor :STMicroelectronics X-CUBE-EEPRMA1 3.1.1
2022-11-17 00:06:17,121 [INFO] ThirdParty:981 - CMSIS Pack Vendor :STMicroelectronics ThreadX 0.0.2
2022-11-17 00:06:17,121 [INFO] ThirdParty:981 - CMSIS Pack Vendor :STMicroelectronics lwIP 2.1.2
2022-11-17 00:06:17,121 [INFO] ThirdParty:981 - CMSIS Pack Vendor :STMicroelectronics X-CUBE-SFXS2LP1 4.0.0
2022-11-17 00:06:17,121 [INFO] ThirdParty:981 - CMSIS Pack Vendor :STMicroelectronics X-CUBE-BLE2 3.3.0
2022-11-17 00:06:17,121 [INFO] ThirdParty:981 - CMSIS Pack Vendor :STMicroelectronics X-CUBE-DISPLAY 2.2.0
2022-11-17 00:06:17,121 [INFO] ThirdParty:981 - CMSIS Pack Vendor :STMicroelectronics X-CUBE-TOF1 3.2.0
2022-11-17 00:06:17,121 [INFO] ThirdParty:981 - CMSIS Pack Vendor :STMicroelectronics PDM2PCM 3.2.0
2022-11-17 00:06:17,121 [INFO] ThirdParty:981 - CMSIS Pack Vendor :STMicroelectronics X-CUBE-ISPU 1.0.0
2022-11-17 00:06:17,121 [INFO] ThirdParty:797 - exiting critical section [change project]
2022-11-17 00:06:17,543 [INFO] PinOutPanel:1468 - setPackage(No Configuration,No Configuration)
2022-11-17 00:06:17,543 [INFO] PinOutPanel:1468 - setPackage(STM32F103C8Tx,LQFP48)
2022-11-17 00:06:18,574 [INFO] UtilMem:74 - Before build in PCC Used Memory: 464967168 Bytes (762314752)
2022-11-17 00:06:20,417 [INFO] UtilMem:74 - After build in PCC Used Memory: 446873656 Bytes (762314752)
2022-11-17 00:06:20,449 [INFO] IPUIPlugin:79 - create IPUIPlugin
2022-11-17 00:06:20,449 [INFO] IPUIPlugin:79 - create IPUIPlugin
2022-11-17 00:06:20,449 [INFO] IPUIPlugin:79 - create IPUIPlugin
2022-11-17 00:06:20,449 [INFO] IPUIPlugin:79 - create IPUIPlugin
2022-11-17 00:06:20,449 [INFO] IPUIPlugin:79 - create IPUIPlugin
2022-11-17 00:06:20,449 [INFO] IPUIPlugin:79 - create IPUIPlugin
2022-11-17 00:06:20,449 [INFO] IPUIPlugin:79 - create IPUIPlugin
2022-11-17 00:06:20,449 [INFO] IPUIPlugin:79 - create IPUIPlugin
2022-11-17 00:06:20,449 [INFO] IPUIPlugin:79 - create IPUIPlugin
2022-11-17 00:06:20,449 [INFO] IPUIPlugin:79 - create IPUIPlugin
2022-11-17 00:06:20,449 [INFO] IPUIPlugin:79 - create IPUIPlugin
2022-11-17 00:06:20,449 [INFO] IPUIPlugin:79 - create IPUIPlugin
2022-11-17 00:06:20,449 [INFO] IPUIPlugin:79 - create IPUIPlugin
2022-11-17 00:06:20,449 [INFO] IPUIPlugin:79 - create IPUIPlugin
2022-11-17 00:06:20,449 [INFO] IPUIPlugin:79 - create IPUIPlugin
2022-11-17 00:06:20,449 [INFO] IPUIPlugin:79 - create IPUIPlugin
2022-11-17 00:06:20,480 [INFO] IPUIPlugin:79 - create IPUIPlugin
2022-11-17 00:06:20,480 [INFO] IPUIPlugin:79 - create IPUIPlugin
2022-11-17 00:06:20,480 [INFO] IPUIPlugin:79 - create IPUIPlugin
2022-11-17 00:06:20,480 [INFO] IPUIPlugin:79 - create IPUIPlugin
2022-11-17 00:06:20,480 [INFO] IPUIPlugin:79 - create IPUIPlugin
2022-11-17 00:06:20,480 [INFO] IPUIPlugin:79 - create IPUIPlugin
2022-11-17 00:06:20,480 [INFO] IPUIPlugin:79 - create IPUIPlugin
2022-11-17 00:06:20,480 [INFO] IPUIPlugin:79 - create IPUIPlugin
2022-11-17 00:06:20,480 [INFO] IPUIPlugin:79 - create IPUIPlugin
2022-11-17 00:06:20,480 [INFO] IPUIPlugin:79 - create IPUIPlugin
2022-11-17 00:06:20,480 [INFO] IPUIPlugin:79 - create IPUIPlugin
2022-11-17 00:06:20,730 [INFO] OpenFileManager:327 - Restore cursor
2022-11-17 00:06:21,355 [INFO] UtilMem:74 - End SaveConfig() Used Memory: 520516904 Bytes (762314752)
2022-11-17 00:06:21,433 [INFO] UtilMem:74 - End SaveConfig() Used Memory: 531364864 Bytes (762314752)
2022-11-17 00:06:22,026 [INFO] BlockDiagram:2753 - set Specific Code input for plugin: NVIC
2022-11-17 00:06:22,026 [INFO] BlockDiagram:2753 - set Specific Code input for plugin: RCC
2022-11-17 00:06:22,026 [INFO] CodeGenerator:690 - code generatio: config db path: D:\STM32CubeIDE_1.10.1\STM32CubeIDE\plugins\com.st.stm32cube.common.mx_6.6.1.202207061420\\db\
2022-11-17 00:06:22,542 [INFO] CodeEngine:245 - oldGeneratedFile, D:\STM32-2\Ex3Apostila\MXTmpFiles\license.tmp_save
2022-11-17 00:06:23,401 [INFO] CodeEngine:269 - Generated code: D:\STM32-2\Ex3Apostila\MXTmpFiles\license.tmp
2022-11-17 00:06:23,417 [INFO] CodeEngine:245 - oldGeneratedFile, D:\STM32-2\Ex3Apostila\Core\Src\stm32f1xx_it.c_save
2022-11-17 00:06:24,104 [INFO] CodeEngine:269 - Generated code: D:\STM32-2\Ex3Apostila\Core\Src\stm32f1xx_it.c
2022-11-17 00:06:24,120 [INFO] CodeEngine:245 - oldGeneratedFile, D:\STM32-2\Ex3Apostila\Core\Inc\stm32f1xx_it.h_save
2022-11-17 00:06:24,292 [INFO] CodeEngine:269 - Generated code: D:\STM32-2\Ex3Apostila\Core\Inc\stm32f1xx_it.h
2022-11-17 00:06:24,432 [INFO] CodeEngine:245 - oldGeneratedFile, D:\STM32-2\Ex3Apostila\Core\Src\stm32f1xx_hal_msp.c_save
2022-11-17 00:06:24,682 [INFO] CodeEngine:269 - Generated code: D:\STM32-2\Ex3Apostila\Core\Src\stm32f1xx_hal_msp.c
2022-11-17 00:06:24,682 [INFO] CodeEngine:245 - oldGeneratedFile, D:\STM32-2\Ex3Apostila\MXTmpFiles\system.tmp_save
2022-11-17 00:06:24,823 [INFO] CodeEngine:269 - Generated code: D:\STM32-2\Ex3Apostila\MXTmpFiles\system.tmp
2022-11-17 00:06:24,823 [INFO] CodeEngine:245 - oldGeneratedFile, D:\STM32-2\Ex3Apostila\Core\Inc\stm32f1xx_hal_conf.h_save
2022-11-17 00:06:24,994 [INFO] CodeEngine:269 - Generated code: D:\STM32-2\Ex3Apostila\Core\Inc\stm32f1xx_hal_conf.h
2022-11-17 00:06:25,041 [INFO] CodeEngine:245 - oldGeneratedFile, D:\STM32-2\Ex3Apostila\Core\Inc\main.h_save
2022-11-17 00:06:25,416 [INFO] CodeEngine:269 - Generated code: D:\STM32-2\Ex3Apostila\Core\Inc\main.h
2022-11-17 00:06:25,432 [INFO] CodeEngine:245 - oldGeneratedFile, D:\STM32-2\Ex3Apostila\Core\Src\main.c_save
2022-11-17 00:06:25,807 [INFO] CodeEngine:269 - Generated code: D:\STM32-2\Ex3Apostila\Core\Src\main.c
2022-11-17 00:06:27,353 [INFO] ProjectBuilder:2919 - Time for Copy HAL[1] : 359mS.
2022-11-17 00:06:27,385 [INFO] ProjectBuilder:4117 - Project Generator version: 3.17.1
2022-11-17 00:06:28,088 [INFO] ConfigFileManager:1394 - The Die is : DIE410
2022-11-17 00:06:28,103 [INFO] ApiDbMcu:505 - Load IP Config File for FATFS
2022-11-17 00:06:28,119 [INFO] ApiDbMcu:505 - Load IP Config File for FREERTOS
2022-11-17 00:06:28,119 [INFO] ApiDbMcu:505 - Load IP Config File for USB_DEVICE
2022-11-17 00:06:32,665 [INFO] ProjectBuilder:4285 - Time for Generating toolchain IDE Files: 5280mS.
2022-11-17 00:06:32,665 [INFO] ProjectBuilder:2790 - Time for Copy CMSIS : 0mS.
2022-11-17 00:06:32,665 [INFO] ProjectBuilder:2790 - Time for Copy CMSIS : 0mS.
2022-11-17 00:06:34,305 [INFO] McuFinderGlobals:57 - Set McuFinderConnectedMode to true
2022-11-17 00:06:34,320 [INFO] ApiDb:443 - Save user favorites file C:\Users\PC/.stm32cubeide/favorites.mcus.txt: 0 item(s)
2022-11-17 00:06:34,320 [INFO] ApiDb:447 - User favorites MCUs=[]
2022-11-17 00:07:28,883 [INFO] UtilMem:74 - End SaveConfig() Used Memory: 230331888 Bytes (660602880)
2022-11-17 00:07:30,509 [INFO] UtilMem:74 - End SaveConfig() Used Memory: 256793880 Bytes (660602880)
2022-11-17 00:07:32,615 [INFO] UtilMem:74 - End SaveConfig() Used Memory: 303967800 Bytes (660602880)
2022-11-17 00:07:33,162 [INFO] BlockDiagram:2753 - set Specific Code input for plugin: NVIC
2022-11-17 00:07:33,162 [INFO] BlockDiagram:2753 - set Specific Code input for plugin: SYS
2022-11-17 00:07:33,162 [INFO] BlockDiagram:2753 - set Specific Code input for plugin: GPIO
2022-11-17 00:07:33,162 [INFO] BlockDiagram:2753 - set Specific Code input for plugin: RCC
2022-11-17 00:07:33,178 [INFO] CodeGenerator:690 - code generatio: config db path: D:\STM32CubeIDE_1.10.1\STM32CubeIDE\plugins\com.st.stm32cube.common.mx_6.6.1.202207061420\\db\
2022-11-17 00:07:33,428 [INFO] CodeEngine:245 - oldGeneratedFile, D:\STM32-2\Ex3Apostila\MXTmpFiles\license.tmp_save
2022-11-17 00:07:33,568 [INFO] CodeEngine:269 - Generated code: D:\STM32-2\Ex3Apostila\MXTmpFiles\license.tmp
2022-11-17 00:07:33,599 [INFO] CodeEngine:245 - oldGeneratedFile, D:\STM32-2\Ex3Apostila\MXTmpFiles\gpio.tmp_save
2022-11-17 00:07:33,740 [INFO] CodeEngine:269 - Generated code: D:\STM32-2\Ex3Apostila\MXTmpFiles\gpio.tmp
2022-11-17 00:07:33,756 [INFO] CodeEngine:245 - oldGeneratedFile, D:\STM32-2\Ex3Apostila\Core\Src\stm32f1xx_it.c_save
2022-11-17 00:07:33,881 [INFO] CodeEngine:269 - Generated code: D:\STM32-2\Ex3Apostila\Core\Src\stm32f1xx_it.c
2022-11-17 00:07:33,881 [INFO] CodeEngine:245 - oldGeneratedFile, D:\STM32-2\Ex3Apostila\Core\Inc\stm32f1xx_it.h_save
2022-11-17 00:07:33,974 [INFO] CodeEngine:269 - Generated code: D:\STM32-2\Ex3Apostila\Core\Inc\stm32f1xx_it.h
2022-11-17 00:07:33,990 [INFO] CodeEngine:245 - oldGeneratedFile, D:\STM32-2\Ex3Apostila\Core\Src\stm32f1xx_hal_msp.c_save
2022-11-17 00:07:34,131 [INFO] CodeEngine:269 - Generated code: D:\STM32-2\Ex3Apostila\Core\Src\stm32f1xx_hal_msp.c
2022-11-17 00:07:34,131 [INFO] CodeEngine:245 - oldGeneratedFile, D:\STM32-2\Ex3Apostila\MXTmpFiles\system.tmp_save
2022-11-17 00:07:34,209 [INFO] CodeEngine:269 - Generated code: D:\STM32-2\Ex3Apostila\MXTmpFiles\system.tmp
2022-11-17 00:07:34,240 [INFO] CodeEngine:245 - oldGeneratedFile, D:\STM32-2\Ex3Apostila\Core\Inc\stm32f1xx_hal_conf.h_save
2022-11-17 00:07:34,349 [INFO] CodeEngine:269 - Generated code: D:\STM32-2\Ex3Apostila\Core\Inc\stm32f1xx_hal_conf.h
2022-11-17 00:07:34,396 [INFO] CodeEngine:245 - oldGeneratedFile, D:\STM32-2\Ex3Apostila\Core\Inc\main.h_save
2022-11-17 00:07:34,505 [INFO] CodeEngine:269 - Generated code: D:\STM32-2\Ex3Apostila\Core\Inc\main.h
2022-11-17 00:07:34,521 [INFO] CodeEngine:245 - oldGeneratedFile, D:\STM32-2\Ex3Apostila\Core\Src\main.c_save
2022-11-17 00:07:34,865 [INFO] CodeEngine:269 - Generated code: D:\STM32-2\Ex3Apostila\Core\Src\main.c
2022-11-17 00:07:35,943 [INFO] ProjectBuilder:2919 - Time for Copy HAL[1] : 282mS.
2022-11-17 00:07:35,958 [INFO] ProjectBuilder:4117 - Project Generator version: 3.17.1
2022-11-17 00:07:36,599 [INFO] ConfigFileManager:1394 - The Die is : DIE410
2022-11-17 00:07:38,551 [INFO] ProjectBuilder:4285 - Time for Generating toolchain IDE Files: 2593mS.
2022-11-17 00:07:38,551 [INFO] ProjectBuilder:2790 - Time for Copy CMSIS : 0mS.
2022-11-17 00:07:38,551 [INFO] ProjectBuilder:2790 - Time for Copy CMSIS : 0mS.
2022-11-17 00:11:44,847 [INFO] NvicIntPanel:100 - NVIC parent = com.st.microxplorer.plugins.ip.nvic.MultiNvicIntPanel[,0,0,0x0,invalid,layout=javax.swing.BoxLayout,alignmentX=0.0,alignmentY=0.0,border=,flags=9,maximumSize=,minimumSize=,preferredSize=]
2022-11-17 00:11:48,536 [INFO] NvicIntPanel:100 - NVIC parent = com.st.microxplorer.plugins.ip.nvic.MultiNvicIntPanel[,0,0,0x0,invalid,layout=javax.swing.BoxLayout,alignmentX=0.0,alignmentY=0.0,border=,flags=9,maximumSize=,minimumSize=,preferredSize=]
2022-11-17 00:11:59,883 [INFO] UtilMem:74 - End SaveConfig() Used Memory: 658526856 Bytes (660602880)
2022-11-17 00:12:01,593 [INFO] UtilMem:74 - End SaveConfig() Used Memory: 517065464 Bytes (663748608)
2022-11-17 00:13:33,324 [INFO] UtilMem:74 - End SaveConfig() Used Memory: 232618048 Bytes (663748608)
2022-11-17 00:13:33,699 [INFO] BlockDiagram:2753 - set Specific Code input for plugin: NVIC
2022-11-17 00:13:33,699 [INFO] BlockDiagram:2753 - set Specific Code input for plugin: TIM1_8F1
2022-11-17 00:13:33,699 [INFO] BlockDiagram:2753 - set Specific Code input for plugin: SYS
2022-11-17 00:13:33,699 [INFO] BlockDiagram:2753 - set Specific Code input for plugin: GPIO
2022-11-17 00:13:33,699 [INFO] BlockDiagram:2753 - set Specific Code input for plugin: RCC
2022-11-17 00:13:33,699 [INFO] CodeGenerator:690 - code generatio: config db path: D:\STM32CubeIDE_1.10.1\STM32CubeIDE\plugins\com.st.stm32cube.common.mx_6.6.1.202207061420\\db\
2022-11-17 00:13:33,995 [INFO] CodeEngine:245 - oldGeneratedFile, D:\STM32-2\Ex3Apostila\MXTmpFiles\license.tmp_save
2022-11-17 00:13:34,183 [INFO] CodeEngine:269 - Generated code: D:\STM32-2\Ex3Apostila\MXTmpFiles\license.tmp
2022-11-17 00:13:34,198 [INFO] CodeEngine:245 - oldGeneratedFile, D:\STM32-2\Ex3Apostila\MXTmpFiles\gpio.tmp_save
2022-11-17 00:13:34,308 [INFO] CodeEngine:269 - Generated code: D:\STM32-2\Ex3Apostila\MXTmpFiles\gpio.tmp
2022-11-17 00:13:34,417 [INFO] CodeEngine:245 - oldGeneratedFile, D:\STM32-2\Ex3Apostila\Core\Src\stm32f1xx_it.c_save
2022-11-17 00:13:34,542 [INFO] CodeEngine:269 - Generated code: D:\STM32-2\Ex3Apostila\Core\Src\stm32f1xx_it.c
2022-11-17 00:13:34,542 [INFO] CodeEngine:245 - oldGeneratedFile, D:\STM32-2\Ex3Apostila\Core\Inc\stm32f1xx_it.h_save
2022-11-17 00:13:34,620 [INFO] CodeEngine:269 - Generated code: D:\STM32-2\Ex3Apostila\Core\Inc\stm32f1xx_it.h
2022-11-17 00:13:34,636 [INFO] CodeEngine:245 - oldGeneratedFile, D:\STM32-2\Ex3Apostila\Core\Src\stm32f1xx_hal_msp.c_save
2022-11-17 00:13:34,745 [INFO] CodeEngine:269 - Generated code: D:\STM32-2\Ex3Apostila\Core\Src\stm32f1xx_hal_msp.c
2022-11-17 00:13:34,745 [INFO] CodeEngine:245 - oldGeneratedFile, D:\STM32-2\Ex3Apostila\MXTmpFiles\system.tmp_save
2022-11-17 00:13:34,792 [INFO] CodeEngine:269 - Generated code: D:\STM32-2\Ex3Apostila\MXTmpFiles\system.tmp
2022-11-17 00:13:34,808 [INFO] CodeEngine:245 - oldGeneratedFile, D:\STM32-2\Ex3Apostila\Core\Inc\stm32f1xx_hal_conf.h_save
2022-11-17 00:13:35,042 [INFO] CodeEngine:269 - Generated code: D:\STM32-2\Ex3Apostila\Core\Inc\stm32f1xx_hal_conf.h
2022-11-17 00:13:35,089 [WARN] IPConfigManager:3348 - IP not found : TIM
2022-11-17 00:13:35,089 [WARN] CodeGenerator:3567 - IP not found : null
2022-11-17 00:13:35,120 [INFO] CodeEngine:245 - oldGeneratedFile, D:\STM32-2\Ex3Apostila\Core\Inc\main.h_save
2022-11-17 00:13:35,183 [INFO] CodeEngine:269 - Generated code: D:\STM32-2\Ex3Apostila\Core\Inc\main.h
2022-11-17 00:13:35,198 [INFO] CodeEngine:245 - oldGeneratedFile, D:\STM32-2\Ex3Apostila\Core\Src\main.c_save
2022-11-17 00:13:35,323 [INFO] CodeEngine:269 - Generated code: D:\STM32-2\Ex3Apostila\Core\Src\main.c
2022-11-17 00:13:36,057 [INFO] ProjectBuilder:2919 - Time for Copy HAL[1] : 234mS.
2022-11-17 00:13:36,057 [INFO] ProjectBuilder:4117 - Project Generator version: 3.17.1
2022-11-17 00:13:36,542 [INFO] ConfigFileManager:1394 - The Die is : DIE410
2022-11-17 00:13:38,276 [INFO] ProjectBuilder:4285 - Time for Generating toolchain IDE Files: 2219mS.
2022-11-17 00:13:38,276 [INFO] ProjectBuilder:2790 - Time for Copy CMSIS : 0mS.
2022-11-17 00:13:38,276 [INFO] ProjectBuilder:2790 - Time for Copy CMSIS : 0mS.
